Compiled jquery.js  (8ms)  (pid 30853)
Compiled bootstrap-transition.js  (0ms)  (pid 30853)
Compiled bootstrap-affix.js  (0ms)  (pid 30853)
Compiled bootstrap-alert.js  (0ms)  (pid 30853)
Compiled bootstrap-button.js  (0ms)  (pid 30853)
Compiled bootstrap-carousel.js  (0ms)  (pid 30853)
Compiled bootstrap-collapse.js  (0ms)  (pid 30853)
Compiled bootstrap-dropdown.js  (0ms)  (pid 30853)
Compiled bootstrap-modal.js  (0ms)  (pid 30853)
Compiled bootstrap-scrollspy.js  (0ms)  (pid 30853)
Compiled bootstrap-tab.js  (0ms)  (pid 30853)
Compiled bootstrap-tooltip.js  (0ms)  (pid 30853)
Compiled bootstrap-popover.js  (0ms)  (pid 30853)
Compiled bootstrap-typeahead.js  (0ms)  (pid 30853)
Compiled bootstrap.js  (111ms)  (pid 30853)
Compiled application.js  (264ms)  (pid 30853)
Compiled jquery.js  (3ms)  (pid 30951)
Compiled bootstrap-transition.js  (0ms)  (pid 30951)
Compiled bootstrap-affix.js  (0ms)  (pid 30951)
Compiled bootstrap-alert.js  (0ms)  (pid 30951)
Compiled bootstrap-button.js  (0ms)  (pid 30951)
Compiled bootstrap-carousel.js  (0ms)  (pid 30951)
Compiled bootstrap-collapse.js  (0ms)  (pid 30951)
Compiled bootstrap-dropdown.js  (0ms)  (pid 30951)
Compiled bootstrap-modal.js  (0ms)  (pid 30951)
Compiled bootstrap-scrollspy.js  (0ms)  (pid 30951)
Compiled bootstrap-tab.js  (0ms)  (pid 30951)
Compiled bootstrap-tooltip.js  (0ms)  (pid 30951)
Compiled bootstrap-popover.js  (0ms)  (pid 30951)
Compiled bootstrap-typeahead.js  (0ms)  (pid 30951)
Compiled bootstrap.js  (112ms)  (pid 30951)
Compiled application.js  (255ms)  (pid 30951)
Compiled jquery.js  (6ms)  (pid 31090)
Compiled bootstrap-transition.js  (0ms)  (pid 31090)
Compiled bootstrap-affix.js  (0ms)  (pid 31090)
Compiled bootstrap-alert.js  (0ms)  (pid 31090)
Compiled bootstrap-button.js  (0ms)  (pid 31090)
Compiled bootstrap-carousel.js  (0ms)  (pid 31090)
Compiled bootstrap-collapse.js  (0ms)  (pid 31090)
Compiled bootstrap-dropdown.js  (0ms)  (pid 31090)
Compiled bootstrap-modal.js  (0ms)  (pid 31090)
Compiled bootstrap-scrollspy.js  (0ms)  (pid 31090)
Compiled bootstrap-tab.js  (0ms)  (pid 31090)
Compiled bootstrap-tooltip.js  (0ms)  (pid 31090)
Compiled bootstrap-popover.js  (0ms)  (pid 31090)
Compiled bootstrap-typeahead.js  (0ms)  (pid 31090)
Compiled bootstrap.js  (94ms)  (pid 31090)
Compiled application.js  (262ms)  (pid 31090)
Compiled jquery.ui.core.css  (1ms)  (pid 31090)
Compiled jquery.ui.theme.css  (116ms)  (pid 31090)
Compiled jquery.ui.dialog.css  (162ms)  (pid 31090)
Compiled application.css  (2657ms)  (pid 31090)
Compiled jquery.js  (8ms)  (pid 31090)
Compiled bootstrap-transition.js  (0ms)  (pid 31090)
Compiled bootstrap-affix.js  (0ms)  (pid 31090)
Compiled bootstrap-alert.js  (0ms)  (pid 31090)
Compiled bootstrap-button.js  (0ms)  (pid 31090)
Compiled bootstrap-carousel.js  (0ms)  (pid 31090)
Compiled bootstrap-collapse.js  (0ms)  (pid 31090)
Compiled bootstrap-dropdown.js  (0ms)  (pid 31090)
Compiled bootstrap-modal.js  (0ms)  (pid 31090)
Compiled bootstrap-scrollspy.js  (0ms)  (pid 31090)
Compiled bootstrap-tab.js  (0ms)  (pid 31090)
Compiled bootstrap-tooltip.js  (0ms)  (pid 31090)
Compiled bootstrap-popover.js  (0ms)  (pid 31090)
Compiled bootstrap-typeahead.js  (0ms)  (pid 31090)
Compiled bootstrap.js  (91ms)  (pid 31090)
Compiled application.js  (261ms)  (pid 31090)
Compiled jquery.ui.core.css  (2ms)  (pid 31090)
Compiled jquery.ui.theme.css  (14ms)  (pid 31090)
Compiled jquery.ui.dialog.css  (68ms)  (pid 31090)
Compiled application.css  (2695ms)  (pid 31090)
Compiled jquery.js  (2ms)  (pid 4008)
Compiled bootstrap-transition.js  (0ms)  (pid 4008)
Compiled bootstrap-affix.js  (0ms)  (pid 4008)
Compiled bootstrap-alert.js  (0ms)  (pid 4008)
Compiled bootstrap-button.js  (0ms)  (pid 4008)
Compiled bootstrap-carousel.js  (0ms)  (pid 4008)
Compiled bootstrap-collapse.js  (0ms)  (pid 4008)
Compiled bootstrap-dropdown.js  (0ms)  (pid 4008)
Compiled bootstrap-modal.js  (0ms)  (pid 4008)
Compiled bootstrap-scrollspy.js  (0ms)  (pid 4008)
Compiled bootstrap-tab.js  (0ms)  (pid 4008)
Compiled bootstrap-tooltip.js  (0ms)  (pid 4008)
Compiled bootstrap-popover.js  (0ms)  (pid 4008)
Compiled bootstrap-typeahead.js  (0ms)  (pid 4008)
Compiled bootstrap.js  (93ms)  (pid 4008)
Compiled application.js  (287ms)  (pid 4008)
Compiled jquery.ui.core.css  (1ms)  (pid 4008)
Compiled jquery.ui.theme.css  (170ms)  (pid 4008)
Compiled jquery.ui.dialog.css  (196ms)  (pid 4008)
Compiled application.css  (2837ms)  (pid 4008)
Compiled jquery.js  (5ms)  (pid 4008)
Compiled bootstrap-transition.js  (0ms)  (pid 4008)
Compiled bootstrap-affix.js  (0ms)  (pid 4008)
Compiled bootstrap-alert.js  (0ms)  (pid 4008)
Compiled bootstrap-button.js  (0ms)  (pid 4008)
Compiled bootstrap-carousel.js  (0ms)  (pid 4008)
Compiled bootstrap-collapse.js  (0ms)  (pid 4008)
Compiled bootstrap-dropdown.js  (0ms)  (pid 4008)
Compiled bootstrap-modal.js  (0ms)  (pid 4008)
Compiled bootstrap-scrollspy.js  (0ms)  (pid 4008)
Compiled bootstrap-tab.js  (0ms)  (pid 4008)
Compiled bootstrap-tooltip.js  (0ms)  (pid 4008)
Compiled bootstrap-popover.js  (0ms)  (pid 4008)
Compiled bootstrap-typeahead.js  (0ms)  (pid 4008)
Compiled bootstrap.js  (90ms)  (pid 4008)
Compiled application.js  (246ms)  (pid 4008)
Compiled jquery.ui.core.css  (1ms)  (pid 4008)
Compiled jquery.ui.theme.css  (12ms)  (pid 4008)
Compiled jquery.ui.dialog.css  (42ms)  (pid 4008)
Compiled application.css  (2426ms)  (pid 4008)
Compiled jquery.js  (3ms)  (pid 4543)
Compiled bootstrap-transition.js  (0ms)  (pid 4543)
Compiled bootstrap-affix.js  (0ms)  (pid 4543)
Compiled bootstrap-alert.js  (0ms)  (pid 4543)
Compiled bootstrap-button.js  (0ms)  (pid 4543)
Compiled bootstrap-carousel.js  (0ms)  (pid 4543)
Compiled bootstrap-collapse.js  (0ms)  (pid 4543)
Compiled bootstrap-dropdown.js  (0ms)  (pid 4543)
Compiled bootstrap-modal.js  (0ms)  (pid 4543)
Compiled bootstrap-scrollspy.js  (0ms)  (pid 4543)
Compiled bootstrap-tab.js  (0ms)  (pid 4543)
Compiled bootstrap-tooltip.js  (0ms)  (pid 4543)
Compiled bootstrap-popover.js  (0ms)  (pid 4543)
Compiled bootstrap-typeahead.js  (0ms)  (pid 4543)
Compiled bootstrap.js  (93ms)  (pid 4543)
Compiled application.js  (260ms)  (pid 4543)
Compiled jquery.ui.core.css  (1ms)  (pid 4543)
Compiled jquery.ui.theme.css  (124ms)  (pid 4543)
Compiled jquery.ui.dialog.css  (141ms)  (pid 4543)
Compiled application.css  (2551ms)  (pid 4543)
Compiled jquery.js  (5ms)  (pid 4543)
Compiled bootstrap-transition.js  (0ms)  (pid 4543)
Compiled bootstrap-affix.js  (0ms)  (pid 4543)
Compiled bootstrap-alert.js  (0ms)  (pid 4543)
Compiled bootstrap-button.js  (0ms)  (pid 4543)
Compiled bootstrap-carousel.js  (0ms)  (pid 4543)
Compiled bootstrap-collapse.js  (0ms)  (pid 4543)
Compiled bootstrap-dropdown.js  (0ms)  (pid 4543)
Compiled bootstrap-modal.js  (0ms)  (pid 4543)
Compiled bootstrap-scrollspy.js  (0ms)  (pid 4543)
Compiled bootstrap-tab.js  (0ms)  (pid 4543)
Compiled bootstrap-tooltip.js  (0ms)  (pid 4543)
Compiled bootstrap-popover.js  (0ms)  (pid 4543)
Compiled bootstrap-typeahead.js  (0ms)  (pid 4543)
Compiled bootstrap.js  (90ms)  (pid 4543)
Compiled application.js  (246ms)  (pid 4543)
Compiled jquery.ui.core.css  (1ms)  (pid 4543)
Compiled jquery.ui.theme.css  (12ms)  (pid 4543)
Compiled jquery.ui.dialog.css  (43ms)  (pid 4543)
Compiled application.css  (2549ms)  (pid 4543)
Compiled jquery.js  (2ms)  (pid 5022)
Compiled bootstrap-transition.js  (0ms)  (pid 5022)
Compiled bootstrap-affix.js  (0ms)  (pid 5022)
Compiled bootstrap-alert.js  (0ms)  (pid 5022)
Compiled bootstrap-button.js  (0ms)  (pid 5022)
Compiled bootstrap-carousel.js  (0ms)  (pid 5022)
Compiled bootstrap-collapse.js  (0ms)  (pid 5022)
Compiled bootstrap-dropdown.js  (0ms)  (pid 5022)
Compiled bootstrap-modal.js  (0ms)  (pid 5022)
Compiled bootstrap-scrollspy.js  (0ms)  (pid 5022)
Compiled bootstrap-tab.js  (0ms)  (pid 5022)
Compiled bootstrap-tooltip.js  (0ms)  (pid 5022)
Compiled bootstrap-popover.js  (0ms)  (pid 5022)
Compiled bootstrap-typeahead.js  (0ms)  (pid 5022)
Compiled bootstrap.js  (93ms)  (pid 5022)
Compiled application.js  (260ms)  (pid 5022)
Compiled jquery.ui.core.css  (1ms)  (pid 5022)
Compiled jquery.ui.theme.css  (123ms)  (pid 5022)
Compiled jquery.ui.dialog.css  (139ms)  (pid 5022)
Compiled application.css  (2583ms)  (pid 5022)
Compiled jquery.js  (6ms)  (pid 5022)
Compiled bootstrap-transition.js  (0ms)  (pid 5022)
Compiled bootstrap-affix.js  (0ms)  (pid 5022)
Compiled bootstrap-alert.js  (0ms)  (pid 5022)
Compiled bootstrap-button.js  (0ms)  (pid 5022)
Compiled bootstrap-carousel.js  (0ms)  (pid 5022)
Compiled bootstrap-collapse.js  (0ms)  (pid 5022)
Compiled bootstrap-dropdown.js  (0ms)  (pid 5022)
Compiled bootstrap-modal.js  (0ms)  (pid 5022)
Compiled bootstrap-scrollspy.js  (0ms)  (pid 5022)
Compiled bootstrap-tab.js  (0ms)  (pid 5022)
Compiled bootstrap-tooltip.js  (0ms)  (pid 5022)
Compiled bootstrap-popover.js  (0ms)  (pid 5022)
Compiled bootstrap-typeahead.js  (0ms)  (pid 5022)
Compiled bootstrap.js  (91ms)  (pid 5022)
Compiled application.js  (254ms)  (pid 5022)
Compiled jquery.ui.core.css  (1ms)  (pid 5022)
Compiled jquery.ui.theme.css  (12ms)  (pid 5022)
Compiled jquery.ui.dialog.css  (29ms)  (pid 5022)
Compiled application.css  (2445ms)  (pid 5022)
Compiled jquery.js  (2ms)  (pid 13061)
Compiled bootstrap-transition.js  (0ms)  (pid 13061)
Compiled bootstrap-affix.js  (0ms)  (pid 13061)
Compiled bootstrap-alert.js  (0ms)  (pid 13061)
Compiled bootstrap-button.js  (0ms)  (pid 13061)
Compiled bootstrap-carousel.js  (0ms)  (pid 13061)
Compiled bootstrap-collapse.js  (0ms)  (pid 13061)
Compiled bootstrap-dropdown.js  (0ms)  (pid 13061)
Compiled bootstrap-modal.js  (0ms)  (pid 13061)
Compiled bootstrap-scrollspy.js  (0ms)  (pid 13061)
Compiled bootstrap-tab.js  (0ms)  (pid 13061)
Compiled bootstrap-tooltip.js  (0ms)  (pid 13061)
Compiled bootstrap-popover.js  (0ms)  (pid 13061)
Compiled bootstrap-typeahead.js  (0ms)  (pid 13061)
Compiled bootstrap.js  (94ms)  (pid 13061)
Compiled application.js  (536ms)  (pid 13061)
Compiled jquery.ui.core.css  (1ms)  (pid 13061)
Compiled jquery.ui.theme.css  (163ms)  (pid 13061)
Compiled jquery.ui.dialog.css  (180ms)  (pid 13061)
Compiled sessions.css  (1ms)  (pid 13061)
Compiled application.css  (2817ms)  (pid 13061)
Compiled jquery.js  (2ms)  (pid 13061)
Compiled bootstrap-transition.js  (0ms)  (pid 13061)
Compiled bootstrap-affix.js  (0ms)  (pid 13061)
Compiled bootstrap-alert.js  (0ms)  (pid 13061)
Compiled bootstrap-button.js  (0ms)  (pid 13061)
Compiled bootstrap-carousel.js  (0ms)  (pid 13061)
Compiled bootstrap-collapse.js  (0ms)  (pid 13061)
Compiled bootstrap-dropdown.js  (0ms)  (pid 13061)
Compiled bootstrap-modal.js  (0ms)  (pid 13061)
Compiled bootstrap-scrollspy.js  (0ms)  (pid 13061)
Compiled bootstrap-tab.js  (0ms)  (pid 13061)
Compiled bootstrap-tooltip.js  (0ms)  (pid 13061)
Compiled bootstrap-popover.js  (0ms)  (pid 13061)
Compiled bootstrap-typeahead.js  (0ms)  (pid 13061)
Compiled bootstrap.js  (94ms)  (pid 13061)
Compiled application.js  (268ms)  (pid 13061)
Compiled jquery.ui.core.css  (1ms)  (pid 13061)
Compiled jquery.ui.theme.css  (12ms)  (pid 13061)
Compiled jquery.ui.dialog.css  (77ms)  (pid 13061)
Compiled sessions.css  (1ms)  (pid 13061)
Compiled application.css  (2547ms)  (pid 13061)
Compiled jquery.js  (2ms)  (pid 13815)
Compiled bootstrap-transition.js  (0ms)  (pid 13815)
Compiled bootstrap-affix.js  (0ms)  (pid 13815)
Compiled bootstrap-alert.js  (1ms)  (pid 13815)
Compiled bootstrap-button.js  (0ms)  (pid 13815)
Compiled bootstrap-carousel.js  (0ms)  (pid 13815)
Compiled bootstrap-collapse.js  (0ms)  (pid 13815)
Compiled bootstrap-dropdown.js  (0ms)  (pid 13815)
Compiled bootstrap-modal.js  (0ms)  (pid 13815)
Compiled bootstrap-scrollspy.js  (0ms)  (pid 13815)
Compiled bootstrap-tab.js  (0ms)  (pid 13815)
Compiled bootstrap-tooltip.js  (0ms)  (pid 13815)
Compiled bootstrap-popover.js  (0ms)  (pid 13815)
Compiled bootstrap-typeahead.js  (0ms)  (pid 13815)
Compiled bootstrap.js  (103ms)  (pid 13815)
Compiled application.js  (259ms)  (pid 13815)
Compiled jquery.ui.core.css  (1ms)  (pid 13815)
Compiled jquery.ui.theme.css  (114ms)  (pid 13815)
Compiled jquery.ui.dialog.css  (130ms)  (pid 13815)
Compiled sessions.css  (1ms)  (pid 13815)
Compiled application.css  (2620ms)  (pid 13815)
Compiled jquery.js  (2ms)  (pid 13815)
Compiled bootstrap-transition.js  (0ms)  (pid 13815)
Compiled bootstrap-affix.js  (0ms)  (pid 13815)
Compiled bootstrap-alert.js  (0ms)  (pid 13815)
Compiled bootstrap-button.js  (0ms)  (pid 13815)
Compiled bootstrap-carousel.js  (0ms)  (pid 13815)
Compiled bootstrap-collapse.js  (0ms)  (pid 13815)
Compiled bootstrap-dropdown.js  (0ms)  (pid 13815)
Compiled bootstrap-modal.js  (0ms)  (pid 13815)
Compiled bootstrap-scrollspy.js  (0ms)  (pid 13815)
Compiled bootstrap-tab.js  (0ms)  (pid 13815)
Compiled bootstrap-tooltip.js  (0ms)  (pid 13815)
Compiled bootstrap-popover.js  (0ms)  (pid 13815)
Compiled bootstrap-typeahead.js  (0ms)  (pid 13815)
Compiled bootstrap.js  (96ms)  (pid 13815)
Compiled application.js  (273ms)  (pid 13815)
Compiled jquery.ui.core.css  (1ms)  (pid 13815)
Compiled jquery.ui.theme.css  (12ms)  (pid 13815)
Compiled jquery.ui.dialog.css  (78ms)  (pid 13815)
Compiled sessions.css  (1ms)  (pid 13815)
Compiled application.css  (2904ms)  (pid 13815)
Compiled jquery.js  (8ms)  (pid 17930)
Compiled bootstrap-transition.js  (0ms)  (pid 17930)
Compiled bootstrap-affix.js  (0ms)  (pid 17930)
Compiled bootstrap-alert.js  (0ms)  (pid 17930)
Compiled bootstrap-button.js  (0ms)  (pid 17930)
Compiled bootstrap-carousel.js  (0ms)  (pid 17930)
Compiled bootstrap-collapse.js  (0ms)  (pid 17930)
Compiled bootstrap-dropdown.js  (0ms)  (pid 17930)
Compiled bootstrap-modal.js  (0ms)  (pid 17930)
Compiled bootstrap-scrollspy.js  (0ms)  (pid 17930)
Compiled bootstrap-tab.js  (0ms)  (pid 17930)
Compiled bootstrap-tooltip.js  (0ms)  (pid 17930)
Compiled bootstrap-popover.js  (0ms)  (pid 17930)
Compiled bootstrap-typeahead.js  (0ms)  (pid 17930)
Compiled bootstrap.js  (100ms)  (pid 17930)
Compiled application.js  (270ms)  (pid 17930)
Compiled jquery.ui.core.css  (1ms)  (pid 17930)
Compiled jquery.ui.theme.css  (133ms)  (pid 17930)
Compiled jquery.ui.dialog.css  (149ms)  (pid 17930)
Compiled sessions.css  (29ms)  (pid 17930)
Compiled application.css  (2830ms)  (pid 17930)
Compiled jquery.js  (2ms)  (pid 17930)
Compiled bootstrap-transition.js  (0ms)  (pid 17930)
Compiled bootstrap-affix.js  (0ms)  (pid 17930)
Compiled bootstrap-alert.js  (0ms)  (pid 17930)
Compiled bootstrap-button.js  (0ms)  (pid 17930)
Compiled bootstrap-carousel.js  (0ms)  (pid 17930)
Compiled bootstrap-collapse.js  (0ms)  (pid 17930)
Compiled bootstrap-dropdown.js  (0ms)  (pid 17930)
Compiled bootstrap-modal.js  (0ms)  (pid 17930)
Compiled bootstrap-scrollspy.js  (0ms)  (pid 17930)
Compiled bootstrap-tab.js  (0ms)  (pid 17930)
Compiled bootstrap-tooltip.js  (0ms)  (pid 17930)
Compiled bootstrap-popover.js  (0ms)  (pid 17930)
Compiled bootstrap-typeahead.js  (0ms)  (pid 17930)
Compiled bootstrap.js  (89ms)  (pid 17930)
Compiled application.js  (249ms)  (pid 17930)
Compiled jquery.ui.core.css  (1ms)  (pid 17930)
Compiled jquery.ui.theme.css  (12ms)  (pid 17930)
Compiled jquery.ui.dialog.css  (77ms)  (pid 17930)
Compiled sessions.css  (1ms)  (pid 17930)
Compiled application.css  (2524ms)  (pid 17930)
Compiled jquery.js  (3ms)  (pid 19941)
Compiled bootstrap-transition.js  (0ms)  (pid 19941)
Compiled bootstrap-affix.js  (0ms)  (pid 19941)
Compiled bootstrap-alert.js  (0ms)  (pid 19941)
Compiled bootstrap-button.js  (0ms)  (pid 19941)
Compiled bootstrap-carousel.js  (0ms)  (pid 19941)
Compiled bootstrap-collapse.js  (0ms)  (pid 19941)
Compiled bootstrap-dropdown.js  (0ms)  (pid 19941)
Compiled bootstrap-modal.js  (0ms)  (pid 19941)
Compiled bootstrap-scrollspy.js  (0ms)  (pid 19941)
Compiled bootstrap-tab.js  (0ms)  (pid 19941)
Compiled bootstrap-tooltip.js  (0ms)  (pid 19941)
Compiled bootstrap-popover.js  (0ms)  (pid 19941)
Compiled bootstrap-typeahead.js  (0ms)  (pid 19941)
Compiled bootstrap.js  (101ms)  (pid 19941)
Compiled application.js  (296ms)  (pid 19941)
Compiled jquery.ui.core.css  (1ms)  (pid 19941)
Compiled jquery.ui.theme.css  (115ms)  (pid 19941)
Compiled jquery.ui.dialog.css  (130ms)  (pid 19941)
Compiled sessions.css  (24ms)  (pid 19941)
Compiled application.css  (2627ms)  (pid 19941)
Compiled jquery.js  (4ms)  (pid 19941)
Compiled bootstrap-transition.js  (0ms)  (pid 19941)
Compiled bootstrap-affix.js  (0ms)  (pid 19941)
Compiled bootstrap-alert.js  (0ms)  (pid 19941)
Compiled bootstrap-button.js  (0ms)  (pid 19941)
Compiled bootstrap-carousel.js  (0ms)  (pid 19941)
Compiled bootstrap-collapse.js  (0ms)  (pid 19941)
Compiled bootstrap-dropdown.js  (0ms)  (pid 19941)
Compiled bootstrap-modal.js  (0ms)  (pid 19941)
Compiled bootstrap-scrollspy.js  (0ms)  (pid 19941)
Compiled bootstrap-tab.js  (0ms)  (pid 19941)
Compiled bootstrap-tooltip.js  (0ms)  (pid 19941)
Compiled bootstrap-popover.js  (0ms)  (pid 19941)
Compiled bootstrap-typeahead.js  (0ms)  (pid 19941)
Compiled bootstrap.js  (90ms)  (pid 19941)
Compiled application.js  (255ms)  (pid 19941)
Compiled jquery.ui.core.css  (1ms)  (pid 19941)
Compiled jquery.ui.theme.css  (13ms)  (pid 19941)
Compiled jquery.ui.dialog.css  (79ms)  (pid 19941)
Compiled sessions.css  (1ms)  (pid 19941)
Compiled application.css  (2690ms)  (pid 19941)
Compiled jquery.js  (3ms)  (pid 20772)
Compiled bootstrap-transition.js  (0ms)  (pid 20772)
Compiled bootstrap-affix.js  (0ms)  (pid 20772)
Compiled bootstrap-alert.js  (0ms)  (pid 20772)
Compiled bootstrap-button.js  (0ms)  (pid 20772)
Compiled bootstrap-carousel.js  (0ms)  (pid 20772)
Compiled bootstrap-collapse.js  (0ms)  (pid 20772)
Compiled bootstrap-dropdown.js  (0ms)  (pid 20772)
Compiled bootstrap-modal.js  (0ms)  (pid 20772)
Compiled bootstrap-scrollspy.js  (0ms)  (pid 20772)
Compiled bootstrap-tab.js  (0ms)  (pid 20772)
Compiled bootstrap-tooltip.js  (0ms)  (pid 20772)
Compiled bootstrap-popover.js  (0ms)  (pid 20772)
Compiled bootstrap-typeahead.js  (0ms)  (pid 20772)
Compiled bootstrap.js  (133ms)  (pid 20772)
Compiled application.js  (334ms)  (pid 20772)
Compiled jquery.ui.core.css  (1ms)  (pid 20772)
Compiled jquery.ui.theme.css  (118ms)  (pid 20772)
Compiled jquery.ui.dialog.css  (134ms)  (pid 20772)
Compiled sessions.css  (25ms)  (pid 20772)
Compiled application.css  (2898ms)  (pid 20772)
Compiled jquery.js  (9ms)  (pid 20772)
Compiled bootstrap-transition.js  (0ms)  (pid 20772)
Compiled bootstrap-affix.js  (0ms)  (pid 20772)
Compiled bootstrap-alert.js  (0ms)  (pid 20772)
Compiled bootstrap-button.js  (0ms)  (pid 20772)
Compiled bootstrap-carousel.js  (0ms)  (pid 20772)
Compiled bootstrap-collapse.js  (0ms)  (pid 20772)
Compiled bootstrap-dropdown.js  (0ms)  (pid 20772)
Compiled bootstrap-modal.js  (0ms)  (pid 20772)
Compiled bootstrap-scrollspy.js  (0ms)  (pid 20772)
Compiled bootstrap-tab.js  (0ms)  (pid 20772)
Compiled bootstrap-tooltip.js  (0ms)  (pid 20772)
Compiled bootstrap-popover.js  (0ms)  (pid 20772)
Compiled bootstrap-typeahead.js  (0ms)  (pid 20772)
Compiled bootstrap.js  (89ms)  (pid 20772)
Compiled application.js  (271ms)  (pid 20772)
Compiled jquery.ui.core.css  (1ms)  (pid 20772)
Compiled jquery.ui.theme.css  (16ms)  (pid 20772)
Compiled jquery.ui.dialog.css  (97ms)  (pid 20772)
Compiled sessions.css  (1ms)  (pid 20772)
Compiled application.css  (2605ms)  (pid 20772)
Compiled jquery.js  (5ms)  (pid 21279)
Compiled bootstrap-transition.js  (0ms)  (pid 21279)
Compiled bootstrap-affix.js  (0ms)  (pid 21279)
Compiled bootstrap-alert.js  (0ms)  (pid 21279)
Compiled bootstrap-button.js  (0ms)  (pid 21279)
Compiled bootstrap-carousel.js  (0ms)  (pid 21279)
Compiled bootstrap-collapse.js  (0ms)  (pid 21279)
Compiled bootstrap-dropdown.js  (0ms)  (pid 21279)
Compiled bootstrap-modal.js  (0ms)  (pid 21279)
Compiled bootstrap-scrollspy.js  (0ms)  (pid 21279)
Compiled bootstrap-tab.js  (0ms)  (pid 21279)
Compiled bootstrap-tooltip.js  (0ms)  (pid 21279)
Compiled bootstrap-popover.js  (0ms)  (pid 21279)
Compiled bootstrap-typeahead.js  (0ms)  (pid 21279)
Compiled bootstrap.js  (92ms)  (pid 21279)
Compiled application.js  (260ms)  (pid 21279)
Compiled jquery.ui.core.css  (1ms)  (pid 21279)
Compiled jquery.ui.theme.css  (129ms)  (pid 21279)
Compiled jquery.ui.dialog.css  (146ms)  (pid 21279)
Compiled sessions.css  (29ms)  (pid 21279)
Compiled application.css  (2729ms)  (pid 21279)
Compiled jquery.js  (4ms)  (pid 21279)
Compiled bootstrap-transition.js  (0ms)  (pid 21279)
Compiled bootstrap-affix.js  (0ms)  (pid 21279)
Compiled bootstrap-alert.js  (0ms)  (pid 21279)
Compiled bootstrap-button.js  (0ms)  (pid 21279)
Compiled bootstrap-carousel.js  (0ms)  (pid 21279)
Compiled bootstrap-collapse.js  (0ms)  (pid 21279)
Compiled bootstrap-dropdown.js  (0ms)  (pid 21279)
Compiled bootstrap-modal.js  (0ms)  (pid 21279)
Compiled bootstrap-scrollspy.js  (0ms)  (pid 21279)
Compiled bootstrap-tab.js  (0ms)  (pid 21279)
Compiled bootstrap-tooltip.js  (0ms)  (pid 21279)
Compiled bootstrap-popover.js  (0ms)  (pid 21279)
Compiled bootstrap-typeahead.js  (0ms)  (pid 21279)
Compiled bootstrap.js  (90ms)  (pid 21279)
Compiled application.js  (252ms)  (pid 21279)
Compiled jquery.ui.core.css  (1ms)  (pid 21279)
Compiled jquery.ui.theme.css  (12ms)  (pid 21279)
Compiled jquery.ui.dialog.css  (76ms)  (pid 21279)
Compiled sessions.css  (1ms)  (pid 21279)
Compiled application.css  (2502ms)  (pid 21279)
Compiled jquery.js  (4ms)  (pid 21726)
Compiled bootstrap-transition.js  (0ms)  (pid 21726)
Compiled bootstrap-affix.js  (0ms)  (pid 21726)
Compiled bootstrap-alert.js  (0ms)  (pid 21726)
Compiled bootstrap-button.js  (0ms)  (pid 21726)
Compiled bootstrap-carousel.js  (0ms)  (pid 21726)
Compiled bootstrap-collapse.js  (0ms)  (pid 21726)
Compiled bootstrap-dropdown.js  (0ms)  (pid 21726)
Compiled bootstrap-modal.js  (0ms)  (pid 21726)
Compiled bootstrap-scrollspy.js  (0ms)  (pid 21726)
Compiled bootstrap-tab.js  (0ms)  (pid 21726)
Compiled bootstrap-tooltip.js  (0ms)  (pid 21726)
Compiled bootstrap-popover.js  (0ms)  (pid 21726)
Compiled bootstrap-typeahead.js  (0ms)  (pid 21726)
Compiled bootstrap.js  (92ms)  (pid 21726)
Compiled application.js  (265ms)  (pid 21726)
Compiled jquery.ui.core.css  (1ms)  (pid 21726)
Compiled jquery.ui.theme.css  (145ms)  (pid 21726)
Compiled jquery.ui.dialog.css  (162ms)  (pid 21726)
Compiled sessions.css  (32ms)  (pid 21726)
Compiled application.css  (2841ms)  (pid 21726)
Compiled jquery.js  (2ms)  (pid 21726)
Compiled bootstrap-transition.js  (0ms)  (pid 21726)
Compiled bootstrap-affix.js  (0ms)  (pid 21726)
Compiled bootstrap-alert.js  (0ms)  (pid 21726)
Compiled bootstrap-button.js  (0ms)  (pid 21726)
Compiled bootstrap-carousel.js  (0ms)  (pid 21726)
Compiled bootstrap-collapse.js  (0ms)  (pid 21726)
Compiled bootstrap-dropdown.js  (0ms)  (pid 21726)
Compiled bootstrap-modal.js  (0ms)  (pid 21726)
Compiled bootstrap-scrollspy.js  (0ms)  (pid 21726)
Compiled bootstrap-tab.js  (0ms)  (pid 21726)
Compiled bootstrap-tooltip.js  (0ms)  (pid 21726)
Compiled bootstrap-popover.js  (0ms)  (pid 21726)
Compiled bootstrap-typeahead.js  (0ms)  (pid 21726)
Compiled bootstrap.js  (90ms)  (pid 21726)
Compiled application.js  (263ms)  (pid 21726)
Compiled jquery.ui.core.css  (1ms)  (pid 21726)
Compiled jquery.ui.theme.css  (13ms)  (pid 21726)
Compiled jquery.ui.dialog.css  (75ms)  (pid 21726)
Compiled sessions.css  (1ms)  (pid 21726)
Compiled application.css  (2503ms)  (pid 21726)
Compiled jquery.js  (3ms)  (pid 22721)
Compiled bootstrap-transition.js  (0ms)  (pid 22721)
Compiled bootstrap-affix.js  (0ms)  (pid 22721)
Compiled bootstrap-alert.js  (0ms)  (pid 22721)
Compiled bootstrap-button.js  (0ms)  (pid 22721)
Compiled bootstrap-carousel.js  (0ms)  (pid 22721)
Compiled bootstrap-collapse.js  (0ms)  (pid 22721)
Compiled bootstrap-dropdown.js  (0ms)  (pid 22721)
Compiled bootstrap-modal.js  (0ms)  (pid 22721)
Compiled bootstrap-scrollspy.js  (0ms)  (pid 22721)
Compiled bootstrap-tab.js  (0ms)  (pid 22721)
Compiled bootstrap-tooltip.js  (0ms)  (pid 22721)
Compiled bootstrap-popover.js  (0ms)  (pid 22721)
Compiled bootstrap-typeahead.js  (0ms)  (pid 22721)
Compiled bootstrap.js  (93ms)  (pid 22721)
Compiled application.js  (258ms)  (pid 22721)
Compiled jquery.ui.core.css  (1ms)  (pid 22721)
Compiled jquery.ui.theme.css  (122ms)  (pid 22721)
Compiled jquery.ui.dialog.css  (139ms)  (pid 22721)
Compiled sessions.css  (1ms)  (pid 22721)
Compiled application.css  (2824ms)  (pid 22721)
Compiled jquery.js  (4ms)  (pid 22721)
Compiled bootstrap-transition.js  (0ms)  (pid 22721)
Compiled bootstrap-affix.js  (0ms)  (pid 22721)
Compiled bootstrap-alert.js  (0ms)  (pid 22721)
Compiled bootstrap-button.js  (0ms)  (pid 22721)
Compiled bootstrap-carousel.js  (0ms)  (pid 22721)
Compiled bootstrap-collapse.js  (0ms)  (pid 22721)
Compiled bootstrap-dropdown.js  (0ms)  (pid 22721)
Compiled bootstrap-modal.js  (0ms)  (pid 22721)
Compiled bootstrap-scrollspy.js  (0ms)  (pid 22721)
Compiled bootstrap-tab.js  (0ms)  (pid 22721)
Compiled bootstrap-tooltip.js  (1ms)  (pid 22721)
Compiled bootstrap-popover.js  (0ms)  (pid 22721)
Compiled bootstrap-typeahead.js  (0ms)  (pid 22721)
Compiled bootstrap.js  (99ms)  (pid 22721)
Compiled application.js  (269ms)  (pid 22721)
Compiled jquery.ui.core.css  (2ms)  (pid 22721)
Compiled jquery.ui.theme.css  (12ms)  (pid 22721)
Compiled jquery.ui.dialog.css  (74ms)  (pid 22721)
Compiled sessions.css  (1ms)  (pid 22721)
Compiled application.css  (2823ms)  (pid 22721)
Compiled jquery.js  (8ms)  (pid 24055)
Compiled bootstrap-transition.js  (0ms)  (pid 24055)
Compiled bootstrap-affix.js  (0ms)  (pid 24055)
Compiled bootstrap-alert.js  (0ms)  (pid 24055)
Compiled bootstrap-button.js  (0ms)  (pid 24055)
Compiled bootstrap-carousel.js  (0ms)  (pid 24055)
Compiled bootstrap-collapse.js  (0ms)  (pid 24055)
Compiled bootstrap-dropdown.js  (0ms)  (pid 24055)
Compiled bootstrap-modal.js  (0ms)  (pid 24055)
Compiled bootstrap-scrollspy.js  (0ms)  (pid 24055)
Compiled bootstrap-tab.js  (0ms)  (pid 24055)
Compiled bootstrap-tooltip.js  (0ms)  (pid 24055)
Compiled bootstrap-popover.js  (0ms)  (pid 24055)
Compiled bootstrap-typeahead.js  (0ms)  (pid 24055)
Compiled bootstrap.js  (94ms)  (pid 24055)
Compiled application.js  (270ms)  (pid 24055)
Compiled jquery.ui.core.css  (1ms)  (pid 24055)
Compiled jquery.ui.theme.css  (114ms)  (pid 24055)
Compiled jquery.ui.dialog.css  (129ms)  (pid 24055)
Compiled sessions.css  (24ms)  (pid 24055)
Compiled application.css  (2702ms)  (pid 24055)
Compiled jquery.js  (9ms)  (pid 24055)
Compiled bootstrap-transition.js  (0ms)  (pid 24055)
Compiled bootstrap-affix.js  (0ms)  (pid 24055)
Compiled bootstrap-alert.js  (0ms)  (pid 24055)
Compiled bootstrap-button.js  (0ms)  (pid 24055)
Compiled bootstrap-carousel.js  (0ms)  (pid 24055)
Compiled bootstrap-collapse.js  (0ms)  (pid 24055)
Compiled bootstrap-dropdown.js  (0ms)  (pid 24055)
Compiled bootstrap-modal.js  (0ms)  (pid 24055)
Compiled bootstrap-scrollspy.js  (0ms)  (pid 24055)
Compiled bootstrap-tab.js  (0ms)  (pid 24055)
Compiled bootstrap-tooltip.js  (0ms)  (pid 24055)
Compiled bootstrap-popover.js  (0ms)  (pid 24055)
Compiled bootstrap-typeahead.js  (0ms)  (pid 24055)
Compiled bootstrap.js  (95ms)  (pid 24055)
Compiled application.js  (284ms)  (pid 24055)
Compiled jquery.ui.core.css  (2ms)  (pid 24055)
Compiled jquery.ui.theme.css  (12ms)  (pid 24055)
Compiled jquery.ui.dialog.css  (88ms)  (pid 24055)
Compiled sessions.css  (1ms)  (pid 24055)
Compiled application.css  (2573ms)  (pid 24055)
Compiled jquery.js  (8ms)  (pid 24673)
Compiled bootstrap-transition.js  (0ms)  (pid 24673)
Compiled bootstrap-affix.js  (0ms)  (pid 24673)
Compiled bootstrap-alert.js  (0ms)  (pid 24673)
Compiled bootstrap-button.js  (0ms)  (pid 24673)
Compiled bootstrap-carousel.js  (0ms)  (pid 24673)
Compiled bootstrap-collapse.js  (0ms)  (pid 24673)
Compiled bootstrap-dropdown.js  (0ms)  (pid 24673)
Compiled bootstrap-modal.js  (0ms)  (pid 24673)
Compiled bootstrap-scrollspy.js  (0ms)  (pid 24673)
Compiled bootstrap-tab.js  (0ms)  (pid 24673)
Compiled bootstrap-tooltip.js  (0ms)  (pid 24673)
Compiled bootstrap-popover.js  (0ms)  (pid 24673)
Compiled bootstrap-typeahead.js  (0ms)  (pid 24673)
Compiled bootstrap.js  (92ms)  (pid 24673)
Compiled application.js  (257ms)  (pid 24673)
Compiled jquery.ui.core.css  (1ms)  (pid 24673)
Compiled jquery.ui.theme.css  (131ms)  (pid 24673)
Compiled jquery.ui.dialog.css  (148ms)  (pid 24673)
Compiled sessions.css  (25ms)  (pid 24673)
Compiled application.css  (2744ms)  (pid 24673)
Compiled jquery.js  (7ms)  (pid 24673)
Compiled bootstrap-transition.js  (0ms)  (pid 24673)
Compiled bootstrap-affix.js  (0ms)  (pid 24673)
Compiled bootstrap-alert.js  (0ms)  (pid 24673)
Compiled bootstrap-button.js  (0ms)  (pid 24673)
Compiled bootstrap-carousel.js  (0ms)  (pid 24673)
Compiled bootstrap-collapse.js  (0ms)  (pid 24673)
Compiled bootstrap-dropdown.js  (0ms)  (pid 24673)
Compiled bootstrap-modal.js  (0ms)  (pid 24673)
Compiled bootstrap-scrollspy.js  (0ms)  (pid 24673)
Compiled bootstrap-tab.js  (0ms)  (pid 24673)
Compiled bootstrap-tooltip.js  (0ms)  (pid 24673)
Compiled bootstrap-popover.js  (0ms)  (pid 24673)
Compiled bootstrap-typeahead.js  (0ms)  (pid 24673)
Compiled bootstrap.js  (89ms)  (pid 24673)
Compiled application.js  (254ms)  (pid 24673)
Compiled jquery.ui.core.css  (2ms)  (pid 24673)
Compiled jquery.ui.theme.css  (12ms)  (pid 24673)
Compiled jquery.ui.dialog.css  (77ms)  (pid 24673)
Compiled sessions.css  (1ms)  (pid 24673)
Compiled application.css  (2762ms)  (pid 24673)
Compiled jquery.js  (3ms)  (pid 25788)
Compiled bootstrap-transition.js  (0ms)  (pid 25788)
Compiled bootstrap-affix.js  (0ms)  (pid 25788)
Compiled bootstrap-alert.js  (0ms)  (pid 25788)
Compiled bootstrap-button.js  (0ms)  (pid 25788)
Compiled bootstrap-carousel.js  (0ms)  (pid 25788)
Compiled bootstrap-collapse.js  (0ms)  (pid 25788)
Compiled bootstrap-dropdown.js  (0ms)  (pid 25788)
Compiled bootstrap-modal.js  (0ms)  (pid 25788)
Compiled bootstrap-scrollspy.js  (0ms)  (pid 25788)
Compiled bootstrap-tab.js  (0ms)  (pid 25788)
Compiled bootstrap-tooltip.js  (0ms)  (pid 25788)
Compiled bootstrap-popover.js  (0ms)  (pid 25788)
Compiled bootstrap-typeahead.js  (0ms)  (pid 25788)
Compiled bootstrap.js  (92ms)  (pid 25788)
Compiled application.js  (258ms)  (pid 25788)
Compiled jquery.ui.core.css  (1ms)  (pid 25788)
Compiled jquery.ui.theme.css  (114ms)  (pid 25788)
Compiled jquery.ui.dialog.css  (129ms)  (pid 25788)
Compiled sessions.css  (1ms)  (pid 25788)
Compiled application.css  (2621ms)  (pid 25788)
Compiled jquery.js  (3ms)  (pid 25788)
Compiled bootstrap-transition.js  (0ms)  (pid 25788)
Compiled bootstrap-affix.js  (0ms)  (pid 25788)
Compiled bootstrap-alert.js  (0ms)  (pid 25788)
Compiled bootstrap-button.js  (0ms)  (pid 25788)
Compiled bootstrap-carousel.js  (0ms)  (pid 25788)
Compiled bootstrap-collapse.js  (0ms)  (pid 25788)
Compiled bootstrap-dropdown.js  (0ms)  (pid 25788)
Compiled bootstrap-modal.js  (0ms)  (pid 25788)
Compiled bootstrap-scrollspy.js  (0ms)  (pid 25788)
Compiled bootstrap-tab.js  (0ms)  (pid 25788)
Compiled bootstrap-tooltip.js  (0ms)  (pid 25788)
Compiled bootstrap-popover.js  (0ms)  (pid 25788)
Compiled bootstrap-typeahead.js  (0ms)  (pid 25788)
Compiled bootstrap.js  (102ms)  (pid 25788)
Compiled application.js  (281ms)  (pid 25788)
Compiled jquery.ui.core.css  (1ms)  (pid 25788)
Compiled jquery.ui.theme.css  (12ms)  (pid 25788)
Compiled jquery.ui.dialog.css  (77ms)  (pid 25788)
Compiled sessions.css  (1ms)  (pid 25788)
Compiled application.css  (2547ms)  (pid 25788)
Compiled jquery.js  (3ms)  (pid 26140)
Compiled bootstrap-transition.js  (0ms)  (pid 26140)
Compiled bootstrap-affix.js  (0ms)  (pid 26140)
Compiled bootstrap-alert.js  (0ms)  (pid 26140)
Compiled bootstrap-button.js  (0ms)  (pid 26140)
Compiled bootstrap-carousel.js  (0ms)  (pid 26140)
Compiled bootstrap-collapse.js  (0ms)  (pid 26140)
Compiled bootstrap-dropdown.js  (0ms)  (pid 26140)
Compiled bootstrap-modal.js  (0ms)  (pid 26140)
Compiled bootstrap-scrollspy.js  (0ms)  (pid 26140)
Compiled bootstrap-tab.js  (0ms)  (pid 26140)
Compiled bootstrap-tooltip.js  (0ms)  (pid 26140)
Compiled bootstrap-popover.js  (0ms)  (pid 26140)
Compiled bootstrap-typeahead.js  (0ms)  (pid 26140)
Compiled bootstrap.js  (92ms)  (pid 26140)
Compiled application.js  (258ms)  (pid 26140)
Compiled jquery.ui.core.css  (1ms)  (pid 26140)
Compiled jquery.ui.theme.css  (151ms)  (pid 26140)
Compiled jquery.ui.dialog.css  (167ms)  (pid 26140)
Compiled sessions.css  (1ms)  (pid 26140)
Compiled application.css  (2725ms)  (pid 26140)
Compiled jquery.js  (6ms)  (pid 26140)
Compiled bootstrap-transition.js  (0ms)  (pid 26140)
Compiled bootstrap-affix.js  (0ms)  (pid 26140)
Compiled bootstrap-alert.js  (0ms)  (pid 26140)
Compiled bootstrap-button.js  (0ms)  (pid 26140)
Compiled bootstrap-carousel.js  (0ms)  (pid 26140)
Compiled bootstrap-collapse.js  (0ms)  (pid 26140)
Compiled bootstrap-dropdown.js  (0ms)  (pid 26140)
Compiled bootstrap-modal.js  (0ms)  (pid 26140)
Compiled bootstrap-scrollspy.js  (0ms)  (pid 26140)
Compiled bootstrap-tab.js  (0ms)  (pid 26140)
Compiled bootstrap-tooltip.js  (0ms)  (pid 26140)
Compiled bootstrap-popover.js  (0ms)  (pid 26140)
Compiled bootstrap-typeahead.js  (0ms)  (pid 26140)
Compiled bootstrap.js  (91ms)  (pid 26140)
Compiled application.js  (254ms)  (pid 26140)
Compiled jquery.ui.core.css  (1ms)  (pid 26140)
Compiled jquery.ui.theme.css  (12ms)  (pid 26140)
Compiled jquery.ui.dialog.css  (76ms)  (pid 26140)
Compiled sessions.css  (1ms)  (pid 26140)
Compiled application.css  (2502ms)  (pid 26140)
Compiled jquery.js  (6ms)  (pid 27361)
Compiled bootstrap-transition.js  (0ms)  (pid 27361)
Compiled bootstrap-affix.js  (0ms)  (pid 27361)
Compiled bootstrap-alert.js  (0ms)  (pid 27361)
Compiled bootstrap-button.js  (0ms)  (pid 27361)
Compiled bootstrap-carousel.js  (0ms)  (pid 27361)
Compiled bootstrap-collapse.js  (0ms)  (pid 27361)
Compiled bootstrap-dropdown.js  (0ms)  (pid 27361)
Compiled bootstrap-modal.js  (0ms)  (pid 27361)
Compiled bootstrap-scrollspy.js  (0ms)  (pid 27361)
Compiled bootstrap-tab.js  (0ms)  (pid 27361)
Compiled bootstrap-tooltip.js  (0ms)  (pid 27361)
Compiled bootstrap-popover.js  (0ms)  (pid 27361)
Compiled bootstrap-typeahead.js  (0ms)  (pid 27361)
Compiled bootstrap.js  (114ms)  (pid 27361)
Compiled application.js  (293ms)  (pid 27361)
Compiled jquery.ui.core.css  (1ms)  (pid 27361)
Compiled jquery.ui.theme.css  (115ms)  (pid 27361)
Compiled jquery.ui.dialog.css  (130ms)  (pid 27361)
Compiled sessions.css  (1ms)  (pid 27361)
Compiled application.css  (2703ms)  (pid 27361)
Compiled jquery.js  (3ms)  (pid 27361)
Compiled bootstrap-transition.js  (0ms)  (pid 27361)
Compiled bootstrap-affix.js  (0ms)  (pid 27361)
Compiled bootstrap-alert.js  (0ms)  (pid 27361)
Compiled bootstrap-button.js  (0ms)  (pid 27361)
Compiled bootstrap-carousel.js  (0ms)  (pid 27361)
Compiled bootstrap-collapse.js  (0ms)  (pid 27361)
Compiled bootstrap-dropdown.js  (0ms)  (pid 27361)
Compiled bootstrap-modal.js  (0ms)  (pid 27361)
Compiled bootstrap-scrollspy.js  (0ms)  (pid 27361)
Compiled bootstrap-tab.js  (0ms)  (pid 27361)
Compiled bootstrap-tooltip.js  (0ms)  (pid 27361)
Compiled bootstrap-popover.js  (0ms)  (pid 27361)
Compiled bootstrap-typeahead.js  (0ms)  (pid 27361)
Compiled bootstrap.js  (89ms)  (pid 27361)
Compiled application.js  (256ms)  (pid 27361)
Compiled jquery.ui.core.css  (1ms)  (pid 27361)
Compiled jquery.ui.theme.css  (12ms)  (pid 27361)
Compiled jquery.ui.dialog.css  (77ms)  (pid 27361)
Compiled sessions.css  (1ms)  (pid 27361)
Compiled application.css  (2592ms)  (pid 27361)
Compiled jquery.js  (5ms)  (pid 28578)
Compiled bootstrap-transition.js  (0ms)  (pid 28578)
Compiled bootstrap-affix.js  (0ms)  (pid 28578)
Compiled bootstrap-alert.js  (0ms)  (pid 28578)
Compiled bootstrap-button.js  (0ms)  (pid 28578)
Compiled bootstrap-carousel.js  (0ms)  (pid 28578)
Compiled bootstrap-collapse.js  (0ms)  (pid 28578)
Compiled bootstrap-dropdown.js  (0ms)  (pid 28578)
Compiled bootstrap-modal.js  (0ms)  (pid 28578)
Compiled bootstrap-scrollspy.js  (0ms)  (pid 28578)
Compiled bootstrap-tab.js  (0ms)  (pid 28578)
Compiled bootstrap-tooltip.js  (0ms)  (pid 28578)
Compiled bootstrap-popover.js  (0ms)  (pid 28578)
Compiled bootstrap-typeahead.js  (0ms)  (pid 28578)
Compiled bootstrap.js  (93ms)  (pid 28578)
Compiled application.js  (269ms)  (pid 28578)
Compiled jquery.ui.core.css  (1ms)  (pid 28578)
Compiled jquery.ui.theme.css  (114ms)  (pid 28578)
Compiled jquery.ui.dialog.css  (130ms)  (pid 28578)
Compiled sessions.css  (24ms)  (pid 28578)
Compiled application.css  (2675ms)  (pid 28578)
Compiled jquery.js  (9ms)  (pid 28578)
Compiled bootstrap-transition.js  (0ms)  (pid 28578)
Compiled bootstrap-affix.js  (0ms)  (pid 28578)
Compiled bootstrap-alert.js  (0ms)  (pid 28578)
Compiled bootstrap-button.js  (0ms)  (pid 28578)
Compiled bootstrap-carousel.js  (0ms)  (pid 28578)
Compiled bootstrap-collapse.js  (0ms)  (pid 28578)
Compiled bootstrap-dropdown.js  (0ms)  (pid 28578)
Compiled bootstrap-modal.js  (0ms)  (pid 28578)
Compiled bootstrap-scrollspy.js  (0ms)  (pid 28578)
Compiled bootstrap-tab.js  (0ms)  (pid 28578)
Compiled bootstrap-tooltip.js  (0ms)  (pid 28578)
Compiled bootstrap-popover.js  (0ms)  (pid 28578)
Compiled bootstrap-typeahead.js  (0ms)  (pid 28578)
Compiled bootstrap.js  (100ms)  (pid 28578)
Compiled application.js  (273ms)  (pid 28578)
Compiled jquery.ui.core.css  (16ms)  (pid 28578)
Compiled jquery.ui.theme.css  (13ms)  (pid 28578)
Compiled jquery.ui.dialog.css  (78ms)  (pid 28578)
Compiled sessions.css  (1ms)  (pid 28578)
Compiled application.css  (2540ms)  (pid 28578)
Compiled jquery.js  (3ms)  (pid 29863)
Compiled bootstrap-transition.js  (0ms)  (pid 29863)
Compiled bootstrap-affix.js  (0ms)  (pid 29863)
Compiled bootstrap-alert.js  (0ms)  (pid 29863)
Compiled bootstrap-button.js  (0ms)  (pid 29863)
Compiled bootstrap-carousel.js  (0ms)  (pid 29863)
Compiled bootstrap-collapse.js  (0ms)  (pid 29863)
Compiled bootstrap-dropdown.js  (0ms)  (pid 29863)
Compiled bootstrap-modal.js  (0ms)  (pid 29863)
Compiled bootstrap-scrollspy.js  (0ms)  (pid 29863)
Compiled bootstrap-tab.js  (0ms)  (pid 29863)
Compiled bootstrap-tooltip.js  (0ms)  (pid 29863)
Compiled bootstrap-popover.js  (0ms)  (pid 29863)
Compiled bootstrap-typeahead.js  (0ms)  (pid 29863)
Compiled bootstrap.js  (93ms)  (pid 29863)
Compiled application.js  (262ms)  (pid 29863)
Compiled jquery.ui.core.css  (1ms)  (pid 29863)
Compiled jquery.ui.theme.css  (122ms)  (pid 29863)
Compiled jquery.ui.dialog.css  (138ms)  (pid 29863)
Compiled sessions.css  (25ms)  (pid 29863)
Compiled application.css  (2937ms)  (pid 29863)
Compiled jquery.js  (3ms)  (pid 29863)
Compiled bootstrap-transition.js  (0ms)  (pid 29863)
Compiled bootstrap-affix.js  (0ms)  (pid 29863)
Compiled bootstrap-alert.js  (0ms)  (pid 29863)
Compiled bootstrap-button.js  (0ms)  (pid 29863)
Compiled bootstrap-carousel.js  (0ms)  (pid 29863)
Compiled bootstrap-collapse.js  (0ms)  (pid 29863)
Compiled bootstrap-dropdown.js  (0ms)  (pid 29863)
Compiled bootstrap-modal.js  (0ms)  (pid 29863)
Compiled bootstrap-scrollspy.js  (0ms)  (pid 29863)
Compiled bootstrap-tab.js  (0ms)  (pid 29863)
Compiled bootstrap-tooltip.js  (0ms)  (pid 29863)
Compiled bootstrap-popover.js  (0ms)  (pid 29863)
Compiled bootstrap-typeahead.js  (0ms)  (pid 29863)
Compiled bootstrap.js  (98ms)  (pid 29863)
Compiled application.js  (274ms)  (pid 29863)
Compiled jquery.ui.core.css  (16ms)  (pid 29863)
Compiled jquery.ui.theme.css  (12ms)  (pid 29863)
Compiled jquery.ui.dialog.css  (75ms)  (pid 29863)
Compiled sessions.css  (1ms)  (pid 29863)
Compiled application.css  (2709ms)  (pid 29863)
Compiled jquery.js  (3ms)  (pid 30219)
Compiled bootstrap-transition.js  (0ms)  (pid 30219)
Compiled bootstrap-affix.js  (0ms)  (pid 30219)
Compiled bootstrap-alert.js  (0ms)  (pid 30219)
Compiled bootstrap-button.js  (0ms)  (pid 30219)
Compiled bootstrap-carousel.js  (0ms)  (pid 30219)
Compiled bootstrap-collapse.js  (0ms)  (pid 30219)
Compiled bootstrap-dropdown.js  (0ms)  (pid 30219)
Compiled bootstrap-modal.js  (0ms)  (pid 30219)
Compiled bootstrap-scrollspy.js  (0ms)  (pid 30219)
Compiled bootstrap-tab.js  (0ms)  (pid 30219)
Compiled bootstrap-tooltip.js  (0ms)  (pid 30219)
Compiled bootstrap-popover.js  (0ms)  (pid 30219)
Compiled bootstrap-typeahead.js  (0ms)  (pid 30219)
Compiled bootstrap.js  (96ms)  (pid 30219)
Compiled application.js  (273ms)  (pid 30219)
Compiled jquery.ui.core.css  (1ms)  (pid 30219)
Compiled jquery.ui.theme.css  (114ms)  (pid 30219)
Compiled jquery.ui.dialog.css  (130ms)  (pid 30219)
Compiled sessions.css  (24ms)  (pid 30219)
Compiled application.css  (2614ms)  (pid 30219)
Compiled jquery.js  (3ms)  (pid 30219)
Compiled bootstrap-transition.js  (0ms)  (pid 30219)
Compiled bootstrap-affix.js  (0ms)  (pid 30219)
Compiled bootstrap-alert.js  (0ms)  (pid 30219)
Compiled bootstrap-button.js  (0ms)  (pid 30219)
Compiled bootstrap-carousel.js  (0ms)  (pid 30219)
Compiled bootstrap-collapse.js  (0ms)  (pid 30219)
Compiled bootstrap-dropdown.js  (0ms)  (pid 30219)
Compiled bootstrap-modal.js  (0ms)  (pid 30219)
Compiled bootstrap-scrollspy.js  (0ms)  (pid 30219)
Compiled bootstrap-tab.js  (0ms)  (pid 30219)
Compiled bootstrap-tooltip.js  (0ms)  (pid 30219)
Compiled bootstrap-popover.js  (0ms)  (pid 30219)
Compiled bootstrap-typeahead.js  (0ms)  (pid 30219)
Compiled bootstrap.js  (90ms)  (pid 30219)
Compiled application.js  (261ms)  (pid 30219)
Compiled jquery.ui.core.css  (16ms)  (pid 30219)
Compiled jquery.ui.theme.css  (12ms)  (pid 30219)
Compiled jquery.ui.dialog.css  (77ms)  (pid 30219)
Compiled sessions.css  (1ms)  (pid 30219)
Compiled application.css  (2528ms)  (pid 30219)
Compiled jquery.js  (3ms)  (pid 30638)
Compiled bootstrap-transition.js  (0ms)  (pid 30638)
Compiled bootstrap-affix.js  (0ms)  (pid 30638)
Compiled bootstrap-alert.js  (0ms)  (pid 30638)
Compiled bootstrap-button.js  (0ms)  (pid 30638)
Compiled bootstrap-carousel.js  (0ms)  (pid 30638)
Compiled bootstrap-collapse.js  (0ms)  (pid 30638)
Compiled bootstrap-dropdown.js  (0ms)  (pid 30638)
Compiled bootstrap-modal.js  (0ms)  (pid 30638)
Compiled bootstrap-scrollspy.js  (0ms)  (pid 30638)
Compiled bootstrap-tab.js  (0ms)  (pid 30638)
Compiled bootstrap-tooltip.js  (0ms)  (pid 30638)
Compiled bootstrap-popover.js  (0ms)  (pid 30638)
Compiled bootstrap-typeahead.js  (0ms)  (pid 30638)
Compiled bootstrap.js  (101ms)  (pid 30638)
Compiled application.js  (271ms)  (pid 30638)
Compiled jquery.ui.core.css  (1ms)  (pid 30638)
Compiled jquery.ui.theme.css  (141ms)  (pid 30638)
Compiled jquery.ui.dialog.css  (157ms)  (pid 30638)
Compiled sessions.css  (1ms)  (pid 30638)
Compiled application.css  (3030ms)  (pid 30638)
Compiled jquery.js  (9ms)  (pid 30638)
Compiled bootstrap-transition.js  (0ms)  (pid 30638)
Compiled bootstrap-affix.js  (0ms)  (pid 30638)
Compiled bootstrap-alert.js  (0ms)  (pid 30638)
Compiled bootstrap-button.js  (0ms)  (pid 30638)
Compiled bootstrap-carousel.js  (0ms)  (pid 30638)
Compiled bootstrap-collapse.js  (0ms)  (pid 30638)
Compiled bootstrap-dropdown.js  (0ms)  (pid 30638)
Compiled bootstrap-modal.js  (0ms)  (pid 30638)
Compiled bootstrap-scrollspy.js  (0ms)  (pid 30638)
Compiled bootstrap-tab.js  (0ms)  (pid 30638)
Compiled bootstrap-tooltip.js  (0ms)  (pid 30638)
Compiled bootstrap-popover.js  (0ms)  (pid 30638)
Compiled bootstrap-typeahead.js  (0ms)  (pid 30638)
Compiled bootstrap.js  (89ms)  (pid 30638)
Compiled application.js  (273ms)  (pid 30638)
Compiled jquery.ui.core.css  (16ms)  (pid 30638)
Compiled jquery.ui.theme.css  (12ms)  (pid 30638)
Compiled jquery.ui.dialog.css  (77ms)  (pid 30638)
Compiled sessions.css  (1ms)  (pid 30638)
Compiled application.css  (2538ms)  (pid 30638)
